#
# A fatal error has been detected by the Java Runtime Environment:
#
#  EXCEPTION_ACCESS_VIOLATION (0xc0000005) at pc=0x00007ff9052769fb, pid=18016, tid=20260
#
# JRE version: OpenJDK Runtime Environment AdoptOpenJDK-16.0.1+9 (16.0.1+9) (build 16.0.1+9)
# Java VM: OpenJDK 64-Bit Server VM AdoptOpenJDK-16.0.1+9 (16.0.1+9, mixed mode, sharing, tiered, compressed oops, compressed class ptrs, g1 gc, windows-amd64)
# Problematic frame:
# V  [jvm.dll+0x2f69fb]
#
# No core dump will be written. Minidumps are not enabled by default on client versions of Windows
#
# If you would like to submit a bug report, please visit:
#   https://github.com/AdoptOpenJDK/openjdk-support/issues
#

---------------  S U M M A R Y ------------

Command Line: -XX:+ShowCodeDetailsInExceptionMessages fit3077.lab02team14.assignment2.Assignment2Application

Host: Intel(R) Core(TM) i5-8250U CPU @ 1.60GHz, 8 cores, 7G,  Windows 10 , 64 bit Build 19041 (10.0.19041.1645)
Time: Tue Apr 19 18:34:35 2022 Malay Peninsula Standard Time elapsed time: 2205.743864 seconds (0d 0h 36m 45s)

---------------  T H R E A D  ---------------

Current thread (0x00000256017e7270):  GCTaskThread "GC Thread#5" [stack: 0x0000008c6e800000,0x0000008c6e900000] [id=20260]

Stack: [0x0000008c6e800000,0x0000008c6e900000],  sp=0x0000008c6e8ffa70,  free space=1022k
Native frames: (J=compiled Java code, j=interpreted, Vv=VM code, C=native code)
V  [jvm.dll+0x2f69fb]
V  [jvm.dll+0x2f4fba]
V  [jvm.dll+0x2fae14]
V  [jvm.dll+0x2fa80d]
V  [jvm.dll+0x2fa0ed]
V  [jvm.dll+0x859d0b]
V  [jvm.dll+0x7dad1a]
V  [jvm.dll+0x6785b6]
C  [ucrtbase.dll+0x21bb2]
C  [KERNEL32.DLL+0x17034]
C  [ntdll.dll+0x52651]


siginfo: EXCEPTION_ACCESS_VIOLATION (0xc0000005), reading address 0x000002560563af5c


Register to memory mapping:

RIP=0x00007ff9052769fb jvm.dll
RAX=0x000002560563a864 is an unknown value
RBX=0x0000000083115c0c is pointing into object: java.lang.String 
{0x0000000083115bf8} - klass: 'java/lang/String'
RCX=0x0000000000000014 is an unknown value
RDX=0x000000006f8428d4 is an unknown value
RSP=0x0000008c6e8ffa70 points into unknown readable memory: 0x000002565f0d23e0 | e0 23 0d 5f 56 02 00 00
RBP=
[error occurred during error reporting (printing register info), id 0xc0000005, EXCEPTION_ACCESS_VIOLATION (0xc0000005) at pc=0x00007ff9052567ca]

Registers:
RAX=0x000002560563a864, RBX=0x0000000083115c0c, RCX=0x0000000000000014, RDX=0x000000006f8428d4
RSP=0x0000008c6e8ffa70, RBP=0x0000000083115c10, RSI=0x0000025602106330, RDI=0x000000006f8428d4
R8 =0x00000000000006f8, R9 =0x0000000800000000, R10=0x0000000000000003, R11=0x0000000800000000
R12=0x000000080001dc70, R13=0x0000000083115bf8, R14=0x000000080001dc68, R15=0x00000256021068e0
RIP=0x00007ff9052769fb, EFLAGS=0x0000000000010202

Top of Stack: (sp=0x0000008c6e8ffa70)
0x0000008c6e8ffa70:   000002565f0d23e0 00007ff905276a0e
0x0000008c6e8ffa80:   00000000821efcb0 00007ff905275b21
0x0000008c6e8ffa90:   0000000082dfd500 0000025602106330
0x0000008c6e8ffaa0:   000000006f8428d4 00007ff905274fba
0x0000008c6e8ffab0:   0000000083115c0c 0000025602106330
0x0000008c6e8ffac0:   0000000083118568 0000025602106330
0x0000008c6e8ffad0:   000000000000000c 0000000000000010
0x0000008c6e8ffae0:   00007ff904f80000 0000000000000000
0x0000008c6e8ffaf0:   0000025602106330 00007ff90527ae14
0x0000008c6e8ffb00:   0000000000000033 0000000083115bf8
0x0000008c6e8ffb10:   00007ff904f80000 00007ff904f80000
0x0000008c6e8ffb20:   0000000a000000fc 0000000000000000
0x0000008c6e8ffb30:   0000000083114838 0000000000000000
0x0000008c6e8ffb40:   0000000000000000 0000000000000000
0x0000008c6e8ffb50:   0000000082129b24 00000256002db4e0
0x0000008c6e8ffb60:   000000000000000c 0000008c6d6ff360 

Instructions: (pc=0x00007ff9052769fb)
0x00007ff9052768fb:   cc cc cc cc cc 40 53 48 83 ec 20 48 8b 1a 48 85
0x00007ff90527690b:   db 74 29 48 89 7c 24 30 48 8b d3 48 8b 79 10 48
0x00007ff90527691b:   8b cf e8 ae 00 00 00 84 c0 74 0c 48 8d 4f 18 48
0x00007ff90527692b:   8b d3 e8 3e 06 00 00 48 8b 7c 24 30 48 83 c4 20
0x00007ff90527693b:   5b c3 cc cc cc 40 57 48 83 ec 20 8b 02 48 8b f9
0x00007ff90527694b:   85 c0 74 3b 8b 0d 43 b7 7f 00 48 8b 7f 10 48 89
0x00007ff90527695b:   5c 24 30 8b d8 48 d3 e3 48 8b cf 48 03 1d 23 b7
0x00007ff90527696b:   7f 00 48 8b d3 e8 5b 00 00 00 84 c0 74 0c 48 8d
0x00007ff90527697b:   4f 18 48 8b d3 e8 eb 05 00 00 48 8b 5c 24 30 48
0x00007ff90527698b:   83 c4 20 5f c3 e9 9b 4c 00 00 cc cc cc cc cc cc
0x00007ff90527699b:   cc cc cc cc cc e9 0b 50 00 00 cc cc cc cc cc cc
0x00007ff9052769ab:   cc cc cc cc cc 48 8b 01 48 8b 80 b8 04 00 00 48
0x00007ff9052769bb:   8b 80 98 00 00 00 c3 cc cc cc cc cc cc cc cc cc
0x00007ff9052769cb:   cc cc cc cc cc 48 89 5c 24 08 48 89 74 24 10 57
0x00007ff9052769db:   48 83 ec 30 48 8b 01 48 8b f1 4c 8b c2 48 8b fa
0x00007ff9052769eb:   8b 88 f0 02 00 00 48 8b 80 e0 02 00 00 49 d3 e8
0x00007ff9052769fb:   41 80 3c 00 02 74 60 48 8b 5e 10 48 8b cb 48 8b
0x00007ff905276a0b:   03 ff 10 8b 4b 18 48 8b d7 48 2b 53 08 48 8b 43
0x00007ff905276a1b:   20 48 c1 ea 03 48 d3 ea 48 8b ca 48 c1 e9 06 4c
0x00007ff905276a2b:   8d 04 c8 0f b6 ca 49 8b 00 80 e1 3f ba 01 00 00
0x00007ff905276a3b:   00 48 d3 e2 48 8b c8 48 0b ca 48 3b c8 74 18 66
0x00007ff905276a4b:   0f 1f 44 00 00 f0 49 0f b1 08 74 1d 48 8b c8 48
0x00007ff905276a5b:   0b ca 48 3b c8 75 ee 32 c0 48 8b 5c 24 40 48 8b
0x00007ff905276a6b:   74 24 48 48 83 c4 30 5f c3 4c 8b 07 44 0f b6 0d
0x00007ff905276a7b:   92 65 86 00 49 8b d0 44 8b 15 1f b6 7f 00 83 e2
0x00007ff905276a8b:   07 80 3d 5f 66 86 00 00 4c 8b 1d 06 b6 7f 00 74
0x00007ff905276a9b:   2e 48 83 fa 05 0f 84 ab 00 00 00 45 84 c9 74 0e
0x00007ff905276aab:   8b 47 08 41 8b ca 48 d3 e0 49 03 c3 eb 04 48 8b
0x00007ff905276abb:   47 08 0f b6 80 b8 00 00 00 24 07 3c 05 74 15 48
0x00007ff905276acb:   83 fa 01 75 0f 48 b8 00 ff ff ff 7f 00 00 00 4c
0x00007ff905276adb:   85 c0 74 72 48 8b 06 48 8b d7 8b 88 f0 02 00 00
0x00007ff905276aeb:   48 8b 80 e0 02 00 00 48 d3 ea 80 3c 02 01 74 56 


Stack slot to memory mapping:
stack at sp + 0 slots: 0x000002565f0d23e0 points into unknown readable memory: 0x00007ff905926d98 | 98 6d 92 05 f9 7f 00 00
stack at sp + 1 slots: 0x00007ff905276a0e jvm.dll
stack at sp + 2 slots: 0x00000000821efcb0 is an oop: java.lang.Class 
{0x00000000821efcb0} - klass: 'java/lang/Class'
stack at sp + 3 slots: 0x00007ff905275b21 jvm.dll
stack at sp + 4 slots: 0x0000000082dfd500 is an oop: java.lang.ref.WeakReference 
{0x0000000082dfd500} - klass: 'java/lang/ref/WeakReference'
stack at sp + 5 slots: 0x0000025602106330 points into unknown readable memory: 0x0000008c6d6ff150 | 50 f1 6f 6d 8c 00 00 00
stack at sp + 6 slots: 0x000000006f8428d4 is an unknown value
stack at sp + 7 slots: 0x00007ff905274fba jvm.dll


---------------  P R O C E S S  ---------------

Threads class SMR info:
_java_thread_list=0x000002560220dd40, length=32, elements={
0x0000025600263e50, 0x0000025600264d10, 0x00000256002760a0, 0x000002560027ae80,
0x000002560027c890, 0x000002560027d290, 0x000002560027dfc0, 0x0000025600281fb0,
0x00000256002829f0, 0x0000025600db0160, 0x0000025600db3350, 0x0000025606e966d0,
0x0000025606e98c00, 0x00000256027395b0, 0x0000025606e96180, 0x000002560273aaf0,
0x0000025606e98160, 0x000002560273dac0, 0x0000025606e9a140, 0x000002560273d020,
0x0000025606e9cbc0, 0x0000025606b03030, 0x0000025606e9a690, 0x0000025601f2fa00,
0x0000025606e986b0, 0x000002560273a050, 0x000002560273fff0, 0x0000025606e99bf0,
0x0000025606e9bbd0, 0x0000025606b01af0, 0x0000025602738b10, 0x0000025602991270
}

Java Threads: ( => current thread )
  0x0000025600263e50 JavaThread "Reference Handler" daemon [_thread_blocked, id=12560, stack(0x0000008c6d700000,0x0000008c6d800000)]
  0x0000025600264d10 JavaThread "Finalizer" daemon [_thread_blocked, id=3844, stack(0x0000008c6d800000,0x0000008c6d900000)]
  0x00000256002760a0 JavaThread "Signal Dispatcher" daemon [_thread_blocked, id=8620, stack(0x0000008c6d900000,0x0000008c6da00000)]
  0x000002560027ae80 JavaThread "Attach Listener" daemon [_thread_blocked, id=2816, stack(0x0000008c6da00000,0x0000008c6db00000)]
  0x000002560027c890 JavaThread "Service Thread" daemon [_thread_blocked, id=1684, stack(0x0000008c6db00000,0x0000008c6dc00000)]
  0x000002560027d290 JavaThread "Monitor Deflation Thread" daemon [_thread_blocked, id=8356, stack(0x0000008c6dc00000,0x0000008c6dd00000)]
  0x000002560027dfc0 JavaThread "C2 CompilerThread0" daemon [_thread_blocked, id=13364, stack(0x0000008c6dd00000,0x0000008c6de00000)]
  0x0000025600281fb0 JavaThread "C1 CompilerThread0" daemon [_thread_blocked, id=6080, stack(0x0000008c6de00000,0x0000008c6df00000)]
  0x00000256002829f0 JavaThread "Sweeper thread" daemon [_thread_blocked, id=20188, stack(0x0000008c6df00000,0x0000008c6e000000)]
  0x0000025600db0160 JavaThread "Notification Thread" daemon [_thread_blocked, id=20196, stack(0x0000008c6e000000,0x0000008c6e100000)]
  0x0000025600db3350 JavaThread "Common-Cleaner" daemon [_thread_blocked, id=15540, stack(0x0000008c6e200000,0x0000008c6e300000)]
  0x0000025606e966d0 JavaThread "Live Reload Server" daemon [_thread_in_native, id=19852, stack(0x0000008c6f400000,0x0000008c6f500000)]
  0x0000025606e98c00 JavaThread "DestroyJavaVM" [_thread_blocked, id=17144, stack(0x0000008c6d000000,0x0000008c6d100000)]
  0x00000256027395b0 JavaThread "File Watcher" daemon [_thread_blocked, id=20000, stack(0x0000008c6cf00000,0x0000008c6d000000)]
  0x0000025606e96180 JavaThread "File Watcher" daemon [_thread_blocked, id=3888, stack(0x0000008c6f000000,0x0000008c6f100000)]
  0x000002560273aaf0 JavaThread "File Watcher" daemon [_thread_blocked, id=5800, stack(0x0000008c6f200000,0x0000008c6f300000)]
  0x0000025606e98160 JavaThread "File Watcher" daemon [_thread_blocked, id=17212, stack(0x0000008c6f700000,0x0000008c6f800000)]
  0x000002560273dac0 JavaThread "File Watcher" daemon [_thread_blocked, id=12188, stack(0x0000008c6f900000,0x0000008c6fa00000)]
  0x0000025606e9a140 JavaThread "File Watcher" daemon [_thread_blocked, id=15708, stack(0x0000008c6e900000,0x0000008c6ea00000)]
  0x000002560273d020 JavaThread "File Watcher" daemon [_thread_blocked, id=6276, stack(0x0000008c6fa00000,0x0000008c6fb00000)]
  0x0000025606e9cbc0 JavaThread "File Watcher" daemon [_thread_blocked, id=10980, stack(0x0000008c70000000,0x0000008c70100000)]
  0x0000025606b03030 JavaThread "File Watcher" daemon [_thread_blocked, id=21472, stack(0x0000008c6ea00000,0x0000008c6eb00000)]
  0x0000025606e9a690 JavaThread "File Watcher" daemon [_thread_blocked, id=2468, stack(0x0000008c6eb00000,0x0000008c6ec00000)]
  0x0000025601f2fa00 JavaThread "File Watcher" daemon [_thread_blocked, id=2420, stack(0x0000008c6f300000,0x0000008c6f400000)]
  0x0000025606e986b0 JavaThread "File Watcher" daemon [_thread_blocked, id=4656, stack(0x0000008c6f100000,0x0000008c6f200000)]
  0x000002560273a050 JavaThread "File Watcher" daemon [_thread_blocked, id=2588, stack(0x0000008c6f500000,0x0000008c6f600000)]
  0x000002560273fff0 JavaThread "File Watcher" daemon [_thread_blocked, id=17132, stack(0x0000008c6fe00000,0x0000008c6ff00000)]
  0x0000025606e99bf0 JavaThread "File Watcher" daemon [_thread_blocked, id=5896, stack(0x0000008c70700000,0x0000008c70800000)]
  0x0000025606e9bbd0 JavaThread "File Watcher" daemon [_thread_blocked, id=4344, stack(0x0000008c6f600000,0x0000008c6f700000)]
  0x0000025606b01af0 JavaThread "File Watcher" daemon [_thread_blocked, id=14852, stack(0x0000008c6fb00000,0x0000008c6fc00000)]
  0x0000025602738b10 JavaThread "File Watcher" daemon [_thread_blocked, id=19056, stack(0x0000008c6ef00000,0x0000008c6f000000)]
  0x0000025602991270 JavaThread "Thread-235" [_thread_blocked, id=17208, stack(0x0000008c6cd00000,0x0000008c6ce00000)]

Other Threads:
  0x000002560025b530 VMThread "VM Thread" [stack: 0x0000008c6d600000,0x0000008c6d700000] [id=14660]
  0x0000025600db1ea0 WatcherThread [stack: 0x0000008c6e100000,0x0000008c6e200000] [id=19952]
  0x000002565f119550 GCTaskThread "GC Thread#0" [stack: 0x0000008c6d100000,0x0000008c6d200000] [id=2404]
  0x00000256014e6130 GCTaskThread "GC Thread#1" [stack: 0x0000008c6e400000,0x0000008c6e500000] [id=21432]
  0x00000256014e6440 GCTaskThread "GC Thread#2" [stack: 0x0000008c6e500000,0x0000008c6e600000] [id=2624]
  0x0000025601a47d00 GCTaskThread "GC Thread#3" [stack: 0x0000008c6e600000,0x0000008c6e700000] [id=3648]
  0x00000256017c8270 GCTaskThread "GC Thread#4" [stack: 0x0000008c6e700000,0x0000008c6e800000] [id=7504]
=>0x00000256017e7270 GCTaskThread "GC Thread#5" [stack: 0x0000008c6e800000,0x0000008c6e900000] [id=20260]
  0x0000025601c65bd0 GCTaskThread "GC Thread#6" [stack: 0x0000008c6ed00000,0x0000008c6ee00000] [id=6260]
  0x0000025601e07970 GCTaskThread "GC Thread#7" [stack: 0x0000008c6ee00000,0x0000008c6ef00000] [id=20700]
  0x000002565f12a310 ConcurrentGCThread "G1 Main Marker" [stack: 0x0000008c6d200000,0x0000008c6d300000] [id=10124]
  0x000002565f12b5a0 ConcurrentGCThread "G1 Conc#0" [stack: 0x0000008c6d300000,0x0000008c6d400000] [id=1812]
  0x0000025602247b40 ConcurrentGCThread "G1 Conc#1" [stack: 0x0000008c6ec00000,0x0000008c6ed00000] [id=12852]
  0x000002565f1a46f0 ConcurrentGCThread "G1 Refine#0" [stack: 0x0000008c6d400000,0x0000008c6d500000] [id=4772]
  0x000002565f1a6180 ConcurrentGCThread "G1 Service" [stack: 0x0000008c6d500000,0x0000008c6d600000] [id=13456]

Threads with active compile tasks:

VM state: at safepoint (normal execution)

VM Mutex/Monitor currently owned by a thread:  ([mutex/lock_event])
[0x000002565f027e60] Threads_lock - owner thread: 0x000002560025b530
[0x000002565f026a20] Heap_lock - owner thread: 0x0000025602991270

Heap address: 0x0000000081c00000, size: 2020 MB, Compressed Oops mode: 32-bit

CDS archive(s) mapped at: [0x0000000800000000-0x0000000800bf0000-0x0000000800bf0000), size 12517376, SharedBaseAddress: 0x0000000800000000, ArchiveRelocationMode: 0.
Compressed class space mapped at: 0x0000000800c00000-0x0000000840c00000, reserved size: 1073741824
Narrow klass base: 0x0000000800000000, Narrow klass shift: 3, Narrow klass range: 0x100000000

GC Precious Log:
 CPUs: 8 total, 8 available
 Memory: 8078M
 Large Page Support: Disabled
 NUMA Support: Disabled
 Compressed Oops: Enabled (32-bit)
 Heap Region Size: 1M
 Heap Min Capacity: 8M
 Heap Initial Capacity: 128M
 Heap Max Capacity: 2020M
 Pre-touch: Disabled
 Parallel Workers: 8
 Concurrent Workers: 2
 Concurrent Refinement Workers: 8
 Periodic GC: Disabled

Heap:
 garbage-first heap   total 106496K, used 45700K [0x0000000081c00000, 0x0000000100000000)
  region size 1024K, 13 young (13312K), 2 survivors (2048K)
 Metaspace       used 59069K, committed 60800K, reserved 1105920K
  class space    used 6542K, committed 7360K, reserved 1048576K

Heap Regions: E=young(eden), S=young(survivor), O=old, HS=humongous(starts), HC=humongous(continues), CS=collection set, F=free, OA=open archive, CA=closed archive, TAMS=top-at-mark-start (previous, next)
|   0|0x0000000081c00000, 0x0000000081d00000, 0x0000000081d00000|100%|HS|  |TAMS 0x0000000081d00000, 0x0000000081c00000| Untracked 
|   1|0x0000000081d00000, 0x0000000081dfffc8, 0x0000000081e00000| 99%| O|  |TAMS 0x0000000081d00000, 0x0000000081d00000| Untracked 
|   2|0x0000000081e00000, 0x0000000081effff8, 0x0000000081f00000| 99%| O|  |TAMS 0x0000000081e00000, 0x0000000081e00000| Untracked 
|   3|0x0000000081f00000, 0x0000000081fffff8, 0x0000000082000000| 99%| O|  |TAMS 0x0000000081f00000, 0x0000000081f00000| Untracked 
|   4|0x0000000082000000, 0x0000000082100000, 0x0000000082100000|100%| O|  |TAMS 0x0000000082000000, 0x0000000082000000| Untracked 
|   5|0x0000000082100000, 0x00000000821ffff0, 0x0000000082200000| 99%| O|  |TAMS 0x0000000082100000, 0x0000000082100000| Untracked 
|   6|0x0000000082200000, 0x0000000082300000, 0x0000000082300000|100%| O|  |TAMS 0x0000000082200000, 0x0000000082200000| Untracked 
|   7|0x0000000082300000, 0x00000000823ffff8, 0x0000000082400000| 99%| O|  |TAMS 0x0000000082300000, 0x0000000082300000| Untracked 
|   8|0x0000000082400000, 0x0000000082500000, 0x0000000082500000|100%| O|  |TAMS 0x0000000082400000, 0x0000000082400000| Untracked 
|   9|0x0000000082500000, 0x00000000825fffe8, 0x0000000082600000| 99%| O|  |TAMS 0x0000000082500000, 0x0000000082500000| Untracked 
|  10|0x0000000082600000, 0x00000000826fffe8, 0x0000000082700000| 99%| O|  |TAMS 0x0000000082600000, 0x0000000082600000| Untracked 
|  11|0x0000000082700000, 0x00000000827fffe8, 0x0000000082800000| 99%| O|  |TAMS 0x0000000082700000, 0x0000000082700000| Untracked 
|  12|0x0000000082800000, 0x00000000828ffff8, 0x0000000082900000| 99%| O|  |TAMS 0x0000000082800000, 0x0000000082800000| Untracked 
|  13|0x0000000082900000, 0x00000000829fffe0, 0x0000000082a00000| 99%| O|  |TAMS 0x0000000082900000, 0x0000000082900000| Untracked 
|  14|0x0000000082a00000, 0x0000000082affff8, 0x0000000082b00000| 99%| O|  |TAMS 0x0000000082a00000, 0x0000000082a00000| Untracked 
|  15|0x0000000082b00000, 0x0000000082bffff8, 0x0000000082c00000| 99%| O|  |TAMS 0x0000000082b00000, 0x0000000082b00000| Untracked 
|  16|0x0000000082c00000, 0x0000000082d00000, 0x0000000082d00000|100%| O|  |TAMS 0x0000000082c00000, 0x0000000082c00000| Untracked 
|  17|0x0000000082d00000, 0x0000000082dffff8, 0x0000000082e00000| 99%| O|  |TAMS 0x0000000082d00000, 0x0000000082d00000| Untracked 
|  18|0x0000000082e00000, 0x0000000082effff0, 0x0000000082f00000| 99%| O|  |TAMS 0x0000000082e00000, 0x0000000082e00000| Untracked 
|  19|0x0000000082f00000, 0x0000000082fffff8, 0x0000000083000000| 99%| O|  |TAMS 0x0000000082f00000, 0x0000000082f00000| Untracked 
|  20|0x0000000083000000, 0x00000000830fff78, 0x0000000083100000| 99%| O|  |TAMS 0x0000000083000000, 0x0000000083000000| Untracked 
|  21|0x0000000083100000, 0x00000000831fffd8, 0x0000000083200000| 99%| O|  |TAMS 0x0000000083100000, 0x0000000083100000| Untracked 
|  22|0x0000000083200000, 0x0000000083300000, 0x0000000083300000|100%| O|  |TAMS 0x0000000083200000, 0x0000000083200000| Untracked 
|  23|0x0000000083300000, 0x00000000833ffff8, 0x0000000083400000| 99%| O|  |TAMS 0x0000000083300000, 0x0000000083300000| Untracked 
|  24|0x0000000083400000, 0x00000000834aee80, 0x0000000083500000| 68%| O|  |TAMS 0x0000000083400000, 0x0000000083400000| Untracked 
|  25|0x0000000083500000, 0x0000000083600000, 0x0000000083600000|100%| O|  |TAMS 0x0000000083500000, 0x0000000083500000| Untracked 
|  26|0x0000000083600000, 0x0000000083700000, 0x0000000083700000|100%| O|  |TAMS 0x0000000083600000, 0x0000000083600000| Untracked 
|  27|0x0000000083700000, 0x0000000083800000, 0x0000000083800000|100%| O|  |TAMS 0x0000000083700000, 0x0000000083700000| Untracked 
|  28|0x0000000083800000, 0x0000000083900000, 0x0000000083900000|100%| O|  |TAMS 0x0000000083800000, 0x0000000083800000| Untracked 
|  29|0x0000000083900000, 0x0000000083a00000, 0x0000000083a00000|100%| O|  |TAMS 0x0000000083900000, 0x0000000083900000| Untracked 
|  30|0x0000000083a00000, 0x0000000083ac4600, 0x0000000083b00000| 76%| O|  |TAMS 0x0000000083a00000, 0x0000000083a00000| Untracked 
|  31|0x0000000083b00000, 0x0000000083b00000, 0x0000000083c00000|  0%| F|  |TAMS 0x0000000083b00000, 0x0000000083b00000| Untracked 
|  32|0x0000000083c00000, 0x0000000083c00000, 0x0000000083d00000|  0%| F|  |TAMS 0x0000000083c00000, 0x0000000083c00000| Untracked 
|  33|0x0000000083d00000, 0x0000000083d00000, 0x0000000083e00000|  0%| F|  |TAMS 0x0000000083d00000, 0x0000000083d00000| Untracked 
|  34|0x0000000083e00000, 0x0000000083e00000, 0x0000000083f00000|  0%| F|  |TAMS 0x0000000083e00000, 0x0000000083e00000| Untracked 
|  35|0x0000000083f00000, 0x0000000083f00000, 0x0000000084000000|  0%| F|  |TAMS 0x0000000083f00000, 0x0000000083f00000| Untracked 
|  36|0x0000000084000000, 0x0000000084000000, 0x0000000084100000|  0%| F|  |TAMS 0x0000000084000000, 0x0000000084000000| Untracked 
|  37|0x0000000084100000, 0x0000000084100000, 0x0000000084200000|  0%| F|  |TAMS 0x0000000084100000, 0x0000000084100000| Untracked 
|  38|0x0000000084200000, 0x0000000084200000, 0x0000000084300000|  0%| F|  |TAMS 0x0000000084200000, 0x0000000084200000| Untracked 
|  39|0x0000000084300000, 0x0000000084300000, 0x0000000084400000|  0%| F|  |TAMS 0x0000000084300000, 0x0000000084300000| Untracked 
|  40|0x0000000084400000, 0x0000000084400000, 0x0000000084500000|  0%| F|  |TAMS 0x0000000084400000, 0x0000000084400000| Untracked 
|  41|0x0000000084500000, 0x0000000084500000, 0x0000000084600000|  0%| F|  |TAMS 0x0000000084500000, 0x0000000084500000| Untracked 
|  42|0x0000000084600000, 0x0000000084600000, 0x0000000084700000|  0%| F|  |TAMS 0x0000000084600000, 0x0000000084600000| Untracked 
|  43|0x0000000084700000, 0x0000000084800000, 0x0000000084800000|100%| O|  |TAMS 0x0000000084700000, 0x0000000084700000| Untracked 
|  44|0x0000000084800000, 0x0000000084855428, 0x0000000084900000| 33%| O|  |TAMS 0x0000000084800000, 0x0000000084800000| Untracked 
|  45|0x0000000084900000, 0x0000000084931e18, 0x0000000084a00000| 19%| O|  |TAMS 0x0000000084900000, 0x0000000084900000| Untracked 
|  46|0x0000000084a00000, 0x0000000084a00000, 0x0000000084b00000|  0%| F|  |TAMS 0x0000000084a00000, 0x0000000084a00000| Untracked 
|  47|0x0000000084b00000, 0x0000000084b00000, 0x0000000084c00000|  0%| F|  |TAMS 0x0000000084b00000, 0x0000000084b00000| Untracked 
|  48|0x0000000084c00000, 0x0000000084c95780, 0x0000000084d00000| 58%| S|  |TAMS 0x0000000084c00000, 0x0000000084c00000| Complete 
|  49|0x0000000084d00000, 0x0000000084e00000, 0x0000000084e00000|100%| S|  |TAMS 0x0000000084d00000, 0x0000000084d00000| Complete 
|  50|0x0000000084e00000, 0x0000000084e00000, 0x0000000084f00000|  0%| F|  |TAMS 0x0000000084e00000, 0x0000000084e00000| Untracked 
|  51|0x0000000084f00000, 0x0000000084f00000, 0x0000000085000000|  0%| F|  |TAMS 0x0000000084f00000, 0x0000000084f00000| Untracked 
|  52|0x0000000085000000, 0x0000000085000000, 0x0000000085100000|  0%| F|  |TAMS 0x0000000085000000, 0x0000000085000000| Untracked 
|  53|0x0000000085100000, 0x0000000085100000, 0x0000000085200000|  0%| F|  |TAMS 0x0000000085100000, 0x0000000085100000| Untracked 
|  54|0x0000000085200000, 0x0000000085200000, 0x0000000085300000|  0%| F|  |TAMS 0x0000000085200000, 0x0000000085200000| Untracked 
|  55|0x0000000085300000, 0x0000000085300000, 0x0000000085400000|  0%| F|  |TAMS 0x0000000085300000, 0x0000000085300000| Untracked 
|  56|0x0000000085400000, 0x0000000085400000, 0x0000000085500000|  0%| F|  |TAMS 0x0000000085400000, 0x0000000085400000| Untracked 
|  57|0x0000000085500000, 0x0000000085500000, 0x0000000085600000|  0%| F|  |TAMS 0x0000000085500000, 0x0000000085500000| Untracked 
|  58|0x0000000085600000, 0x0000000085600000, 0x0000000085700000|  0%| F|  |TAMS 0x0000000085600000, 0x0000000085600000| Untracked 
|  59|0x0000000085700000, 0x0000000085700000, 0x0000000085800000|  0%| F|  |TAMS 0x0000000085700000, 0x0000000085700000| Untracked 
|  60|0x0000000085800000, 0x0000000085800000, 0x0000000085900000|  0%| F|  |TAMS 0x0000000085800000, 0x0000000085800000| Untracked 
|  61|0x0000000085900000, 0x0000000085900000, 0x0000000085a00000|  0%| F|  |TAMS 0x0000000085900000, 0x0000000085900000| Untracked 
|  62|0x0000000085a00000, 0x0000000085a00000, 0x0000000085b00000|  0%| F|  |TAMS 0x0000000085a00000, 0x0000000085a00000| Untracked 
|  63|0x0000000085b00000, 0x0000000085b00000, 0x0000000085c00000|  0%| F|  |TAMS 0x0000000085b00000, 0x0000000085b00000| Untracked 
|  64|0x0000000085c00000, 0x0000000085c00000, 0x0000000085d00000|  0%| F|  |TAMS 0x0000000085c00000, 0x0000000085c00000| Untracked 
|  65|0x0000000085d00000, 0x0000000085d00000, 0x0000000085e00000|  0%| F|  |TAMS 0x0000000085d00000, 0x0000000085d00000| Untracked 
|  66|0x0000000085e00000, 0x0000000085e00000, 0x0000000085f00000|  0%| F|  |TAMS 0x0000000085e00000, 0x0000000085e00000| Untracked 
|  67|0x0000000085f00000, 0x0000000085f00000, 0x0000000086000000|  0%| F|  |TAMS 0x0000000085f00000, 0x0000000085f00000| Untracked 
|  68|0x0000000086000000, 0x0000000086000000, 0x0000000086100000|  0%| F|  |TAMS 0x0000000086000000, 0x0000000086000000| Untracked 
|  69|0x0000000086100000, 0x0000000086100000, 0x0000000086200000|  0%| F|  |TAMS 0x0000000086100000, 0x0000000086100000| Untracked 
|  70|0x0000000086200000, 0x0000000086200000, 0x0000000086300000|  0%| F|  |TAMS 0x0000000086200000, 0x0000000086200000| Untracked 
|  71|0x0000000086300000, 0x0000000086300000, 0x0000000086400000|  0%| F|  |TAMS 0x0000000086300000, 0x0000000086300000| Untracked 
|  72|0x0000000086400000, 0x0000000086400000, 0x0000000086500000|  0%| F|  |TAMS 0x0000000086400000, 0x0000000086400000| Untracked 
|  73|0x0000000086500000, 0x0000000086500000, 0x0000000086600000|  0%| F|  |TAMS 0x0000000086500000, 0x0000000086500000| Untracked 
|  74|0x0000000086600000, 0x0000000086600000, 0x0000000086700000|  0%| F|  |TAMS 0x0000000086600000, 0x0000000086600000| Untracked 
|  75|0x0000000086700000, 0x0000000086700000, 0x0000000086800000|  0%| F|  |TAMS 0x0000000086700000, 0x0000000086700000| Untracked 
|  76|0x0000000086800000, 0x0000000086800000, 0x0000000086900000|  0%| F|  |TAMS 0x0000000086800000, 0x0000000086800000| Untracked 
|  77|0x0000000086900000, 0x0000000086900000, 0x0000000086a00000|  0%| F|  |TAMS 0x0000000086900000, 0x0000000086900000| Untracked 
|  78|0x0000000086a00000, 0x0000000086a00000, 0x0000000086b00000|  0%| F|  |TAMS 0x0000000086a00000, 0x0000000086a00000| Untracked 
|  79|0x0000000086b00000, 0x0000000086b00000, 0x0000000086c00000|  0%| F|  |TAMS 0x0000000086b00000, 0x0000000086b00000| Untracked 
|  80|0x0000000086c00000, 0x0000000086c00000, 0x0000000086d00000|  0%| F|  |TAMS 0x0000000086c00000, 0x0000000086c00000| Untracked 
|  81|0x0000000086d00000, 0x0000000086d00000, 0x0000000086e00000|  0%| F|  |TAMS 0x0000000086d00000, 0x0000000086d00000| Untracked 
|  82|0x0000000086e00000, 0x0000000086e00000, 0x0000000086f00000|  0%| F|  |TAMS 0x0000000086e00000, 0x0000000086e00000| Untracked 
|  83|0x0000000086f00000, 0x0000000086f00000, 0x0000000087000000|  0%| F|  |TAMS 0x0000000086f00000, 0x0000000086f00000| Untracked 
|  84|0x0000000087000000, 0x0000000087000000, 0x0000000087100000|  0%| F|  |TAMS 0x0000000087000000, 0x0000000087000000| Untracked 
|  85|0x0000000087100000, 0x0000000087100000, 0x0000000087200000|  0%| F|  |TAMS 0x0000000087100000, 0x0000000087100000| Untracked 
|  86|0x0000000087200000, 0x0000000087200000, 0x0000000087300000|  0%| F|  |TAMS 0x0000000087200000, 0x0000000087200000| Untracked 
|  87|0x0000000087300000, 0x0000000087300000, 0x0000000087400000|  0%| F|  |TAMS 0x0000000087300000, 0x0000000087300000| Untracked 
|  88|0x0000000087400000, 0x0000000087400000, 0x0000000087500000|  0%| F|  |TAMS 0x0000000087400000, 0x0000000087400000| Untracked 
|  89|0x0000000087500000, 0x0000000087500000, 0x0000000087600000|  0%| F|  |TAMS 0x0000000087500000, 0x0000000087500000| Untracked 
|  90|0x0000000087600000, 0x00000000876b5030, 0x0000000087700000| 70%| E|  |TAMS 0x0000000087600000, 0x0000000087600000| Complete 
|  91|0x0000000087700000, 0x0000000087800000, 0x0000000087800000|100%| E|  |TAMS 0x0000000087700000, 0x0000000087700000| Complete 
|  92|0x0000000087800000, 0x0000000087900000, 0x0000000087900000|100%| E|  |TAMS 0x0000000087800000, 0x0000000087800000| Complete 
|  93|0x0000000087900000, 0x0000000087a00000, 0x0000000087a00000|100%| E|  |TAMS 0x0000000087900000, 0x0000000087900000| Complete 
|  94|0x0000000087a00000, 0x0000000087b00000, 0x0000000087b00000|100%| E|  |TAMS 0x0000000087a00000, 0x0000000087a00000| Complete 
|  95|0x0000000087b00000, 0x0000000087c00000, 0x0000000087c00000|100%| E|  |TAMS 0x0000000087b00000, 0x0000000087b00000| Complete 
|  96|0x0000000087c00000, 0x0000000087c442a8, 0x0000000087d00000| 26%| O|  |TAMS 0x0000000087c00000, 0x0000000087c00000| Untracked 
|  97|0x0000000087d00000, 0x0000000087e00000, 0x0000000087e00000|100%| E|  |TAMS 0x0000000087d00000, 0x0000000087d00000| Complete 
|  98|0x0000000087e00000, 0x0000000087f00000, 0x0000000087f00000|100%| E|  |TAMS 0x0000000087e00000, 0x0000000087e00000| Complete 
|  99|0x0000000087f00000, 0x0000000088000000, 0x0000000088000000|100%| E|  |TAMS 0x0000000087f00000, 0x0000000087f00000| Complete 
| 100|0x0000000088000000, 0x0000000088100000, 0x0000000088100000|100%| E|  |TAMS 0x0000000088000000, 0x0000000088000000| Complete 
| 101|0x0000000088100000, 0x0000000088200000, 0x0000000088200000|100%| E|  |TAMS 0x0000000088100000, 0x0000000088100000| Complete 
| 223|0x000000008fb00000, 0x000000008fb10340, 0x000000008fc00000|  6%| O|  |TAMS 0x000000008fb00000, 0x000000008fb00000| Untracked 
| 226|0x000000008fe00000, 0x000000008fe07dd0, 0x000000008ff00000|  3%| O|  |TAMS 0x000000008fe00000, 0x000000008fe00000| Untracked 

Card table byte_map: [0x00000256790c0000,0x00000256794c0000] _byte_map_base: 0x0000025678cb2000

Marking Bits (Prev, Next): (CMBitMap*) 0x000002565f119c80, (CMBitMap*) 0x000002565f119c40
 Prev Bits: [0x000002567b850000, 0x000002567d7e0000)
 Next Bits: [0x00000256798c0000, 0x000002567b850000)

Polling page: 0x000002565f1b0000

Metaspace:

Usage:
  Non-class:     51.30 MB used.
      Class:      6.39 MB used.
       Both:     57.69 MB used.

Virtual space:
  Non-class space:       56.00 MB reserved,      52.19 MB ( 93%) committed,  7 nodes.
      Class space:        1.00 GB reserved,       7.19 MB ( <1%) committed,  1 nodes.
              Both:        1.05 GB reserved,      59.38 MB (  5%) committed. 

Chunk freelists:
   Non-Class:  3.28 MB
       Class:  676.00 KB
        Both:  3.94 MB

MaxMetaspaceSize: 17179869184.00 GB
CompressedClassSpaceSize: 1.00 GB
 - commit_granule_bytes: 65536.
 - commit_granule_words: 8192.
 - virtual_space_node_default_size: 1048576.
 - enlarge_chunks_in_place: 1.
 - new_chunks_are_fully_committed: 0.
 - uncommit_free_chunks: 1.
 - use_allocation_guard: 0.
 - handle_deallocations: 1.


Internal statistics:

num_allocs_failed_limit: 6.
num_arena_births: 2620.
num_arena_deaths: 112.
num_vsnodes_births: 8.
num_vsnodes_deaths: 0.
num_space_committed: 950.
num_space_uncommitted: 0.
num_chunks_returned_to_freelist: 129.
num_chunks_taken_from_freelist: 5822.
num_chunk_merges: 6.
num_chunk_splits: 3183.
num_chunks_enlarged: 1387.
num_purges: 74.

CodeHeap 'non-profiled nmethods': size=120000Kb used=12635Kb max_used=12635Kb free=107365Kb
 bounds [0x0000025670d20000, 0x0000025671980000, 0x0000025678250000]
CodeHeap 'profiled nmethods': size=120000Kb used=28725Kb max_used=28725Kb free=91274Kb
 bounds [0x00000256697f0000, 0x000002566b400000, 0x0000025670d20000]
CodeHeap 'non-nmethods': size=5760Kb used=1308Kb max_used=1457Kb free=4451Kb
 bounds [0x0000025669250000, 0x00000256694c0000, 0x00000256697f0000]
 total_blobs=13803 nmethods=13188 adapters=526
 compilation: enabled
              stopped_count=0, restarted_count=0
 full_count=0

Compilation events (20 events):
Event: 2031.180 Thread 0x0000025600281fb0 15695       3       java.util.concurrent.ConcurrentLinkedDeque::skipDeletedSuccessors (87 bytes)
Event: 2031.182 Thread 0x0000025600281fb0 nmethod 15695 0x000002566b3f5d90 code [0x000002566b3f6080, 0x000002566b3f71e8]
Event: 2031.182 Thread 0x0000025600281fb0 15696       3       java.util.concurrent.ConcurrentLinkedDeque::updateHead (71 bytes)
Event: 2031.182 Thread 0x0000025600281fb0 nmethod 15696 0x000002566b3f7710 code [0x000002566b3f79e0, 0x000002566b3f8978]
Event: 2031.182 Thread 0x0000025600281fb0 15697       3       java.util.concurrent.ConcurrentLinkedDeque::updateTail (71 bytes)
Event: 2031.183 Thread 0x0000025600281fb0 nmethod 15697 0x000002566b3f8e90 code [0x000002566b3f9160, 0x000002566b3fa0d8]
Event: 2031.323 Thread 0x0000025600281fb0 15698   !   3       sun.nio.ch.SocketChannelImpl::implCloseBlockingMode (110 bytes)
Event: 2031.325 Thread 0x0000025600281fb0 nmethod 15698 0x000002566b3fa610 code [0x000002566b3fa800, 0x000002566b3fac98]
Event: 2031.450 Thread 0x000002560027dfc0 15699       4       java.util.LinkedList::node (65 bytes)
Event: 2031.459 Thread 0x000002560027dfc0 nmethod 15699 0x0000025671976810 code [0x00000256719769a0, 0x0000025671976af8]
Event: 2032.284 Thread 0x0000025600281fb0 15701   !   3       java.nio.channels.spi.AbstractSelectableChannel::removeKey (71 bytes)
Event: 2032.285 Thread 0x0000025600281fb0 nmethod 15701 0x000002566b3faf10 code [0x000002566b3fb0e0, 0x000002566b3fb778]
Event: 2032.285 Thread 0x0000025600281fb0 15700       3       java.nio.channels.spi.AbstractSelector::deregister (12 bytes)
Event: 2032.285 Thread 0x0000025600281fb0 nmethod 15700 0x000002566b3fb990 code [0x000002566b3fbb60, 0x000002566b3fbef8]
Event: 2056.717 Thread 0x0000025600281fb0 15702       3       java.util.concurrent.locks.LockSupport::parkNanos (29 bytes)
Event: 2056.718 Thread 0x0000025600281fb0 nmethod 15702 0x000002566b3fc010 code [0x000002566b3fc1e0, 0x000002566b3fc3e8]
Event: 2173.707 Thread 0x0000025600281fb0 15703       3       java.util.concurrent.locks.AbstractQueuedSynchronizer::acquireInterruptibly (36 bytes)
Event: 2173.707 Thread 0x0000025600281fb0 nmethod 15703 0x000002566b3fc510 code [0x000002566b3fc700, 0x000002566b3fcbb8]
Event: 2180.308 Thread 0x0000025600281fb0 15704       3       org.apache.catalina.webresources.StandardRoot::gc (70 bytes)
Event: 2180.309 Thread 0x0000025600281fb0 nmethod 15704 0x000002566b3fcd10 code [0x000002566b3fcf60, 0x000002566b3fd988]

GC Heap History (20 events):
Event: 2111.930 GC heap after
{Heap after GC invocations=283 (full 39):
 garbage-first heap   total 106496K, used 33656K [0x0000000081c00000, 0x0000000100000000)
  region size 1024K, 1 young (1024K), 1 survivors (1024K)
 Metaspace       used 59066K, committed 60800K, reserved 1105920K
  class space    used 6541K, committed 7360K, reserved 1048576K
}
Event: 2122.502 GC heap before
{Heap before GC invocations=283 (full 39):
 garbage-first heap   total 106496K, used 87928K [0x0000000081c00000, 0x0000000100000000)
  region size 1024K, 54 young (55296K), 1 survivors (1024K)
 Metaspace       used 59066K, committed 60800K, reserved 1105920K
  class space    used 6541K, committed 7360K, reserved 1048576K
}
Event: 2122.505 GC heap after
{Heap after GC invocations=284 (full 39):
 garbage-first heap   total 106496K, used 33534K [0x0000000081c00000, 0x0000000100000000)
  region size 1024K, 1 young (1024K), 1 survivors (1024K)
 Metaspace       used 59066K, committed 60800K, reserved 1105920K
  class space    used 6541K, committed 7360K, reserved 1048576K
}
Event: 2132.853 GC heap before
{Heap before GC invocations=284 (full 39):
 garbage-first heap   total 106496K, used 87806K [0x0000000081c00000, 0x0000000100000000)
  region size 1024K, 54 young (55296K), 1 survivors (1024K)
 Metaspace       used 59066K, committed 60800K, reserved 1105920K
  class space    used 6541K, committed 7360K, reserved 1048576K
}
Event: 2132.854 GC heap after
{Heap after GC invocations=285 (full 39):
 garbage-first heap   total 106496K, used 33866K [0x0000000081c00000, 0x0000000100000000)
  region size 1024K, 1 young (1024K), 1 survivors (1024K)
 Metaspace       used 59066K, committed 60800K, reserved 1105920K
  class space    used 6541K, committed 7360K, reserved 1048576K
}
Event: 2143.218 GC heap before
{Heap before GC invocations=285 (full 39):
 garbage-first heap   total 106496K, used 88138K [0x0000000081c00000, 0x0000000100000000)
  region size 1024K, 54 young (55296K), 1 survivors (1024K)
 Metaspace       used 59066K, committed 60800K, reserved 1105920K
  class space    used 6541K, committed 7360K, reserved 1048576K
}
Event: 2143.220 GC heap after
{Heap after GC invocations=286 (full 39):
 garbage-first heap   total 106496K, used 33892K [0x0000000081c00000, 0x0000000100000000)
  region size 1024K, 1 young (1024K), 1 survivors (1024K)
 Metaspace       used 59066K, committed 60800K, reserved 1105920K
  class space    used 6541K, committed 7360K, reserved 1048576K
}
Event: 2153.695 GC heap before
{Heap before GC invocations=286 (full 39):
 garbage-first heap   total 106496K, used 88164K [0x0000000081c00000, 0x0000000100000000)
  region size 1024K, 54 young (55296K), 1 survivors (1024K)
 Metaspace       used 59066K, committed 60800K, reserved 1105920K
  class space    used 6541K, committed 7360K, reserved 1048576K
}
Event: 2153.696 GC heap after
{Heap after GC invocations=287 (full 39):
 garbage-first heap   total 106496K, used 33700K [0x0000000081c00000, 0x0000000100000000)
  region size 1024K, 1 young (1024K), 1 survivors (1024K)
 Metaspace       used 59066K, committed 60800K, reserved 1105920K
  class space    used 6541K, committed 7360K, reserved 1048576K
}
Event: 2163.813 GC heap before
{Heap before GC invocations=287 (full 39):
 garbage-first heap   total 106496K, used 87972K [0x0000000081c00000, 0x0000000100000000)
  region size 1024K, 54 young (55296K), 1 survivors (1024K)
 Metaspace       used 59066K, committed 60800K, reserved 1105920K
  class space    used 6541K, committed 7360K, reserved 1048576K
}
Event: 2163.823 GC heap after
{Heap after GC invocations=288 (full 39):
 garbage-first heap   total 106496K, used 33928K [0x0000000081c00000, 0x0000000100000000)
  region size 1024K, 1 young (1024K), 1 survivors (1024K)
 Metaspace       used 59066K, committed 60800K, reserved 1105920K
  class space    used 6541K, committed 7360K, reserved 1048576K
}
Event: 2174.215 GC heap before
{Heap before GC invocations=288 (full 39):
 garbage-first heap   total 106496K, used 88200K [0x0000000081c00000, 0x0000000100000000)
  region size 1024K, 54 young (55296K), 1 survivors (1024K)
 Metaspace       used 59066K, committed 60800K, reserved 1105920K
  class space    used 6541K, committed 7360K, reserved 1048576K
}
Event: 2174.217 GC heap after
{Heap after GC invocations=289 (full 39):
 garbage-first heap   total 106496K, used 33941K [0x0000000081c00000, 0x0000000100000000)
  region size 1024K, 1 young (1024K), 1 survivors (1024K)
 Metaspace       used 59066K, committed 60800K, reserved 1105920K
  class space    used 6541K, committed 7360K, reserved 1048576K
}
Event: 2184.671 GC heap before
{Heap before GC invocations=289 (full 39):
 garbage-first heap   total 106496K, used 88213K [0x0000000081c00000, 0x0000000100000000)
  region size 1024K, 54 young (55296K), 1 survivors (1024K)
 Metaspace       used 59067K, committed 60800K, reserved 1105920K
  class space    used 6541K, committed 7360K, reserved 1048576K
}
Event: 2184.672 GC heap after
{Heap after GC invocations=290 (full 39):
 garbage-first heap   total 106496K, used 33819K [0x0000000081c00000, 0x0000000100000000)
  region size 1024K, 1 young (1024K), 1 survivors (1024K)
 Metaspace       used 59067K, committed 60800K, reserved 1105920K
  class space    used 6541K, committed 7360K, reserved 1048576K
}
Event: 2193.959 GC heap before
{Heap before GC invocations=290 (full 39):
 garbage-first heap   total 106496K, used 88091K [0x0000000081c00000, 0x0000000100000000)
  region size 1024K, 54 young (55296K), 1 survivors (1024K)
 Metaspace       used 59067K, committed 60800K, reserved 1105920K
  class space    used 6541K, committed 7360K, reserved 1048576K
}
Event: 2193.980 GC heap after
{Heap after GC invocations=291 (full 39):
 garbage-first heap   total 106496K, used 34960K [0x0000000081c00000, 0x0000000100000000)
  region size 1024K, 2 young (2048K), 2 survivors (2048K)
 Metaspace       used 59067K, committed 60800K, reserved 1105920K
  class space    used 6541K, committed 7360K, reserved 1048576K
}
Event: 2204.136 GC heap before
{Heap before GC invocations=291 (full 39):
 garbage-first heap   total 106496K, used 87184K [0x0000000081c00000, 0x0000000100000000)
  region size 1024K, 53 young (54272K), 2 survivors (2048K)
 Metaspace       used 59067K, committed 60800K, reserved 1105920K
  class space    used 6541K, committed 7360K, reserved 1048576K
}
Event: 2204.140 GC heap after
{Heap after GC invocations=292 (full 39):
 garbage-first heap   total 106496K, used 34736K [0x0000000081c00000, 0x0000000100000000)
  region size 1024K, 2 young (2048K), 2 survivors (2048K)
 Metaspace       used 59067K, committed 60800K, reserved 1105920K
  class space    used 6541K, committed 7360K, reserved 1048576K
}
Event: 2205.438 GC heap before
{Heap before GC invocations=292 (full 39):
 garbage-first heap   total 106496K, used 44976K [0x0000000081c00000, 0x0000000100000000)
  region size 1024K, 13 young (13312K), 2 survivors (2048K)
 Metaspace       used 59069K, committed 60800K, reserved 1105920K
  class space    used 6542K, committed 7360K, reserved 1048576K
}

Deoptimization events (20 events):
Event: 2006.550 Thread 0x000002560298f290 Uncommon trap: trap_request=0xffffffd6 fr.pc=0x00000256719337b4 relative=0x0000000000000394
Event: 2006.550 Thread 0x000002560298f290 Uncommon trap: reason=array_check action=maybe_recompile pc=0x00000256719337b4 method=java.util.Arrays.fill([Ljava/lang/Object;Ljava/lang/Object;)V @ 13 c2
Event: 2006.550 Thread 0x000002560298f290 DEOPT PACKING pc=0x00000256719337b4 sp=0x0000008c704fb0d0
Event: 2006.550 Thread 0x000002560298f290 DEOPT UNPACKING pc=0x000002566929d72e sp=0x0000008c704fb090 mode 2
Event: 2006.550 Thread 0x000002560298f290 Uncommon trap: trap_request=0xffffffd6 fr.pc=0x00000256719337b4 relative=0x0000000000000394
Event: 2006.550 Thread 0x000002560298f290 Uncommon trap: reason=array_check action=maybe_recompile pc=0x00000256719337b4 method=java.util.Arrays.fill([Ljava/lang/Object;Ljava/lang/Object;)V @ 13 c2
Event: 2006.550 Thread 0x000002560298f290 DEOPT PACKING pc=0x00000256719337b4 sp=0x0000008c704fb0d0
Event: 2006.550 Thread 0x000002560298f290 DEOPT UNPACKING pc=0x000002566929d72e sp=0x0000008c704fb090 mode 2
Event: 2016.941 Thread 0x000002560298f290 Uncommon trap: trap_request=0xffffff45 fr.pc=0x00000256717fe264 relative=0x0000000000000824
Event: 2016.941 Thread 0x000002560298f290 Uncommon trap: reason=unstable_if action=reinterpret pc=0x00000256717fe264 method=com.fasterxml.jackson.databind.type.TypeFactory._findWellKnownSimple(Ljava/lang/Class;)Lcom/fasterxml/jackson/databind/JavaType; @ 66 c2
Event: 2016.941 Thread 0x000002560298f290 DEOPT PACKING pc=0x00000256717fe264 sp=0x0000008c704fa510
Event: 2016.941 Thread 0x000002560298f290 DEOPT UNPACKING pc=0x000002566929d72e sp=0x0000008c704fa440 mode 2
Event: 2018.892 Thread 0x00000256027385c0 DEOPT PACKING pc=0x000002566a0ab660 sp=0x0000008c702f9c60
Event: 2018.913 Thread 0x00000256027385c0 DEOPT UNPACKING pc=0x000002566929dece sp=0x0000008c702f9130 mode 0
Event: 2018.928 Thread 0x00000256027385c0 Uncommon trap: trap_request=0xffffff6e fr.pc=0x0000025671933d04 relative=0x00000000000001e4
Event: 2018.928 Thread 0x00000256027385c0 Uncommon trap: reason=loop_limit_check action=maybe_recompile pc=0x0000025671933d04 method=org.attoparser.ParsingMarkupUtil.findNextNonWhitespaceCharWildcard([CII[I)I @ 13 c2
Event: 2018.928 Thread 0x00000256027385c0 DEOPT PACKING pc=0x0000025671933d04 sp=0x0000008c702fabb0
Event: 2018.928 Thread 0x00000256027385c0 DEOPT UNPACKING pc=0x000002566929d72e sp=0x0000008c702fab30 mode 2
Event: 2028.205 Thread 0x000002560273cad0 DEOPT PACKING pc=0x000002566aed5d9e sp=0x0000008c701f9600
Event: 2028.205 Thread 0x000002560273cad0 DEOPT UNPACKING pc=0x000002566929dece sp=0x0000008c701f8b28 mode 0

Classes unloaded (20 events):
Event: 977.872 Thread 0x000002560025b530 Unloading class 0x00000008012d7000 'org/apache/catalina/loader/JdbcLeakPrevention'
Event: 985.003 Thread 0x000002560025b530 Unloading class 0x00000008012dfc00 'org/apache/catalina/loader/JdbcLeakPrevention'
Event: 992.061 Thread 0x000002560025b530 Unloading class 0x00000008012e3c00 'org/apache/catalina/loader/JdbcLeakPrevention'
Event: 993.988 Thread 0x000002560025b530 Unloading class 0x00000008012e8c00 'org/apache/catalina/loader/JdbcLeakPrevention'
Event: 1001.124 Thread 0x000002560025b530 Unloading class 0x00000008012edc00 'org/apache/catalina/loader/JdbcLeakPrevention'
Event: 1006.165 Thread 0x000002560025b530 Unloading class 0x00000008012f2c00 'org/apache/catalina/loader/JdbcLeakPrevention'
Event: 1143.549 Thread 0x000002560025b530 Unloading class 0x00000008012f7c00 'org/apache/catalina/loader/JdbcLeakPrevention'
Event: 1150.708 Thread 0x000002560025b530 Unloading class 0x0000000801300000 'org/apache/catalina/loader/JdbcLeakPrevention'
Event: 1159.887 Thread 0x000002560025b530 Unloading class 0x0000000801306c00 'org/apache/catalina/loader/JdbcLeakPrevention'
Event: 1187.933 Thread 0x000002560025b530 Unloading class 0x000000080130bc00 'org/apache/catalina/loader/JdbcLeakPrevention'
Event: 1240.452 Thread 0x000002560025b530 Unloading class 0x0000000801310c00 'org/apache/catalina/loader/JdbcLeakPrevention'
Event: 1244.353 Thread 0x000002560025b530 Unloading class 0x0000000801315c00 'org/apache/catalina/loader/JdbcLeakPrevention'
Event: 1247.354 Thread 0x000002560025b530 Unloading class 0x000000080131ac00 'org/apache/catalina/loader/JdbcLeakPrevention'
Event: 1252.361 Thread 0x000002560025b530 Unloading class 0x000000080131fc00 'org/apache/catalina/loader/JdbcLeakPrevention'
Event: 1259.446 Thread 0x000002560025b530 Unloading class 0x0000000801324c00 'org/apache/catalina/loader/JdbcLeakPrevention'
Event: 1394.638 Thread 0x000002560025b530 Unloading class 0x0000000801329c00 'org/apache/catalina/loader/JdbcLeakPrevention'
Event: 1399.629 Thread 0x000002560025b530 Unloading class 0x0000000801331c00 'org/apache/catalina/loader/JdbcLeakPrevention'
Event: 1402.485 Thread 0x000002560025b530 Unloading class 0x0000000801338c00 'org/apache/catalina/loader/JdbcLeakPrevention'
Event: 1406.474 Thread 0x000002560025b530 Unloading class 0x000000080133dc00 'org/apache/catalina/loader/JdbcLeakPrevention'
Event: 1409.389 Thread 0x000002560025b530 Unloading class 0x0000000801342c00 'org/apache/catalina/loader/JdbcLeakPrevention'

Classes redefined (0 events):
No events

Internal exceptions (20 events):
Event: 1406.675 Thread 0x0000025602990280 Exception <a 'sun/nio/fs/WindowsException'{0x00000000916027e0}> (0x00000000916027e0) 
thrown [e:\jenkins\tmp\workspace\build\src\src\hotspot\share\prims\jni.cpp, line 579]
Event: 1406.675 Thread 0x0000025602990280 Exception <a 'sun/nio/fs/WindowsException'{0x0000000091602eb8}> (0x0000000091602eb8) 
thrown [e:\jenkins\tmp\workspace\build\src\src\hotspot\share\prims\jni.cpp, line 579]
Event: 1406.689 Thread 0x0000025602990280 Exception <a 'java/io/FileNotFoundException'{0x00000000916413d8}> (0x00000000916413d8) 
thrown [e:\jenkins\tmp\workspace\build\src\src\hotspot\share\prims\jni.cpp, line 579]
Event: 1409.377 Thread 0x000002560298e2a0 Exception <a 'java/lang/InterruptedException'{0x000000008f88c070}: sleep interrupted> (0x000000008f88c070) 
thrown [e:\jenkins\tmp\workspace\build\src\src\hotspot\share\prims\jvm.cpp, line 3305]
Event: 1409.441 Thread 0x000002560273eab0 Exception <a 'java/io/FileNotFoundException'{0x00000000881ac0a0}> (0x00000000881ac0a0) 
thrown [e:\jenkins\tmp\workspace\build\src\src\hotspot\share\prims\jni.cpp, line 579]
Event: 1409.582 Thread 0x000002560273eab0 Exception <a 'java/lang/NoClassDefFoundError'{0x0000000086936700}: org/flywaydb/core/Flyway> (0x0000000086936700) 
thrown [e:\jenkins\tmp\workspace\build\src\src\hotspot\share\oops\constantPool.cpp, line 809]
Event: 1409.582 Thread 0x000002560273eab0 Exception <a 'java/lang/NoClassDefFoundError'{0x0000000086936a28}: liquibase/integration/spring/SpringLiquibase> (0x0000000086936a28) 
thrown [e:\jenkins\tmp\workspace\build\src\src\hotspot\share\oops\constantPool.cpp, line 809]
Event: 1409.606 Thread 0x000002560273eab0 Exception <a 'sun/nio/fs/WindowsException'{0x00000000872b7ea0}> (0x00000000872b7ea0) 
thrown [e:\jenkins\tmp\workspace\build\src\src\hotspot\share\prims\jni.cpp, line 579]
Event: 1409.606 Thread 0x000002560273eab0 Exception <a 'sun/nio/fs/WindowsException'{0x00000000872b84a8}> (0x00000000872b84a8) 
thrown [e:\jenkins\tmp\workspace\build\src\src\hotspot\share\prims\jni.cpp, line 579]
Event: 1409.606 Thread 0x000002560273eab0 Exception <a 'sun/nio/fs/WindowsException'{0x00000000872b8b80}> (0x00000000872b8b80) 
thrown [e:\jenkins\tmp\workspace\build\src\src\hotspot\share\prims\jni.cpp, line 579]
Event: 1409.618 Thread 0x000002560273eab0 Exception <a 'java/io/FileNotFoundException'{0x00000000872f6e88}> (0x00000000872f6e88) 
thrown [e:\jenkins\tmp\workspace\build\src\src\hotspot\share\prims\jni.cpp, line 579]
Event: 1490.947 Thread 0x000002560273cad0 Exception <a 'java/lang/ClassNotFoundException'{0x0000000086660098}: java/lang/ObjectCustomizer> (0x0000000086660098) 
thrown [e:\jenkins\tmp\workspace\build\src\src\hotspot\share\classfile\systemDictionary.cpp, line 256]
Event: 1490.948 Thread 0x000002560273cad0 Exception <a 'java/lang/ClassNotFoundException'{0x000000008666faa8}: fit3077/lab02team14/assignment2/model/modalInfo/UserInfoCustomizer> (0x000000008666faa8) 
thrown [e:\jenkins\tmp\workspace\build\src\src\hotspot\share\classfile\systemDictionary.cpp, line 256]
Event: 1519.358 Thread 0x0000025602993cf0 Exception <a 'java/lang/ClassNotFoundException'{0x0000000086238fd0}: java/lang/ObjectCustomizer> (0x0000000086238fd0) 
thrown [e:\jenkins\tmp\workspace\build\src\src\hotspot\share\classfile\systemDictionary.cpp, line 256]
Event: 1519.361 Thread 0x0000025602993cf0 Exception <a 'java/lang/ClassNotFoundException'{0x0000000086253508}: fit3077/lab02team14/assignment2/model/modalInfo/BookingInfoCustomizer> (0x0000000086253508) 
thrown [e:\jenkins\tmp\workspace\build\src\src\hotspot\share\classfile\systemDictionary.cpp, line 256]
Event: 1519.365 Thread 0x0000025602993cf0 Exception <a 'java/lang/ClassNotFoundException'{0x0000000086281a18}: java/lang/ObjectCustomizer> (0x0000000086281a18) 
thrown [e:\jenkins\tmp\workspace\build\src\src\hotspot\share\classfile\systemDictionary.cpp, line 256]
Event: 1519.366 Thread 0x0000025602993cf0 Exception <a 'java/lang/ClassNotFoundException'{0x000000008629c258}: fit3077/lab02team14/assignment2/model/modalInfo/CovidTestInfoCustomizer> (0x000000008629c258) 
thrown [e:\jenkins\tmp\workspace\build\src\src\hotspot\share\classfile\systemDictionary.cpp, line 256]
Event: 1519.368 Thread 0x0000025602993cf0 Exception <a 'java/lang/ClassNotFoundException'{0x00000000862c3bd0}: java/lang/ObjectCustomizer> (0x00000000862c3bd0) 
thrown [e:\jenkins\tmp\workspace\build\src\src\hotspot\share\classfile\systemDictionary.cpp, line 256]
Event: 1519.370 Thread 0x0000025602993cf0 Exception <a 'java/lang/ClassNotFoundException'{0x00000000862d24d8}: fit3077/lab02team14/assignment2/model/CovidTestAdditionalInfoCustomizer> (0x00000000862d24d8) 
thrown [e:\jenkins\tmp\workspace\build\src\src\hotspot\share\classfile\systemDictionary.cpp, line 256]
Event: 2205.412 Thread 0x000002560273c580 Exception <a 'java/lang/InterruptedException'{0x00000000876a7f78}: sleep interrupted> (0x00000000876a7f78) 
thrown [e:\jenkins\tmp\workspace\build\src\src\hotspot\share\prims\jvm.cpp, line 3305]

Events (20 events):
Event: 2204.136 Executing  VM operation: G1CollectForAllocation
Event: 2204.140 Executing  VM operation: G1CollectForAllocation done
Event: 2205.310 Thread 0x0000025602991270 Thread added: 0x0000025602991270
Event: 2205.310 Thread 0x000002560273e010 Thread exited: 0x000002560273e010
Event: 2205.372 Thread 0x000002560298d800 Thread exited: 0x000002560298d800
Event: 2205.411 Thread 0x00000256029917c0 Thread exited: 0x00000256029917c0
Event: 2205.412 Thread 0x0000025602990280 Thread exited: 0x0000025602990280
Event: 2205.412 Thread 0x000002560273cad0 Thread exited: 0x000002560273cad0
Event: 2205.412 Thread 0x00000256027385c0 Thread exited: 0x00000256027385c0
Event: 2205.412 Thread 0x000002560298f290 Thread exited: 0x000002560298f290
Event: 2205.412 Thread 0x00000256029927b0 Thread exited: 0x00000256029927b0
Event: 2205.412 Thread 0x0000025602994790 Thread exited: 0x0000025602994790
Event: 2205.412 Thread 0x0000025602993cf0 Thread exited: 0x0000025602993cf0
Event: 2205.412 Thread 0x0000025602739b00 Thread exited: 0x0000025602739b00
Event: 2205.412 Thread 0x00000256029907d0 Thread exited: 0x00000256029907d0
Event: 2205.412 Thread 0x000002560273c580 Thread exited: 0x000002560273c580
Event: 2205.412 Thread 0x00000256029937a0 Thread exited: 0x00000256029937a0
Event: 2205.412 Thread 0x000002560273f000 Thread exited: 0x000002560273f000
Event: 2205.412 Thread 0x000002560273c030 Thread exited: 0x000002560273c030
Event: 2205.438 Executing  VM operation: G1CollectFull


Dynamic libraries:
0x00007ff78d310000 - 0x00007ff78d31e000 	C:\Program Files\AdoptOpenJDK\jdk-16.0.1.9-hotspot\bin\java.exe
0x00007ff9845f0000 - 0x00007ff9847e5000 	C:\WINDOWS\SYSTEM32\ntdll.dll
0x00007ff983930000 - 0x00007ff9839ee000 	C:\WINDOWS\System32\KERNEL32.DLL
0x00007ff9820b0000 - 0x00007ff982378000 	C:\WINDOWS\System32\KERNELBASE.dll
0x00007ff981d10000 - 0x00007ff981e10000 	C:\WINDOWS\System32\ucrtbase.dll
0x00007ff979970000 - 0x00007ff979989000 	C:\Program Files\AdoptOpenJDK\jdk-16.0.1.9-hotspot\bin\VCRUNTIME140.dll
0x00007ff979950000 - 0x00007ff979968000 	C:\Program Files\AdoptOpenJDK\jdk-16.0.1.9-hotspot\bin\jli.dll
0x00007ff983a90000 - 0x00007ff983c30000 	C:\WINDOWS\System32\USER32.dll
0x00007ff982480000 - 0x00007ff9824a2000 	C:\WINDOWS\System32\win32u.dll
0x00007ff96eff0000 - 0x00007ff96f28a000 	C:\WINDOWS\WinSxS\amd64_microsoft.windows.common-controls_6595b64144ccf1df_6.0.19041.1110_none_60b5254171f9507e\COMCTL32.dll
0x00007ff984580000 - 0x00007ff9845aa000 	C:\WINDOWS\System32\GDI32.dll
0x00007ff984480000 - 0x00007ff98451e000 	C:\WINDOWS\System32\msvcrt.dll
0x00007ff981e10000 - 0x00007ff981f1b000 	C:\WINDOWS\System32\gdi32full.dll
0x00007ff9825b0000 - 0x00007ff98264d000 	C:\WINDOWS\System32\msvcp_win.dll
0x00007ff9842a0000 - 0x00007ff9842d0000 	C:\WINDOWS\System32\IMM32.DLL
0x00007ff97d270000 - 0x00007ff97d27c000 	C:\Program Files\AdoptOpenJDK\jdk-16.0.1.9-hotspot\bin\vcruntime140_1.dll
0x00007ff94bfc0000 - 0x00007ff94c051000 	C:\Program Files\AdoptOpenJDK\jdk-16.0.1.9-hotspot\bin\msvcp140.dll
0x00007ff904f80000 - 0x00007ff905bb8000 	C:\Program Files\AdoptOpenJDK\jdk-16.0.1.9-hotspot\bin\server\jvm.dll
0x00007ff982cc0000 - 0x00007ff982d6e000 	C:\WINDOWS\System32\ADVAPI32.dll
0x00007ff9842d0000 - 0x00007ff98436c000 	C:\WINDOWS\System32\sechost.dll
0x00007ff984170000 - 0x00007ff984295000 	C:\WINDOWS\System32\RPCRT4.dll
0x00007ff983a10000 - 0x00007ff983a18000 	C:\WINDOWS\System32\PSAPI.DLL
0x00007ff96c160000 - 0x00007ff96c187000 	C:\WINDOWS\SYSTEM32\WINMM.dll
0x00007ff96b7a0000 - 0x00007ff96b7a9000 	C:\WINDOWS\SYSTEM32\WSOCK32.dll
0x00007ff977ad0000 - 0x00007ff977ada000 	C:\WINDOWS\SYSTEM32\VERSION.dll
0x00007ff983a20000 - 0x00007ff983a8b000 	C:\WINDOWS\System32\WS2_32.dll
0x00007ff9805f0000 - 0x00007ff980602000 	C:\WINDOWS\SYSTEM32\kernel.appcore.dll
0x00007ff97ba70000 - 0x00007ff97ba7a000 	C:\Program Files\AdoptOpenJDK\jdk-16.0.1.9-hotspot\bin\jimage.dll
0x00007ff97fb20000 - 0x00007ff97fd04000 	C:\WINDOWS\SYSTEM32\DBGHELP.DLL
0x00007ff969fb0000 - 0x00007ff969fdc000 	C:\WINDOWS\SYSTEM32\dbgcore.DLL
0x00007ff982380000 - 0x00007ff982402000 	C:\WINDOWS\System32\bcryptPrimitives.dll
0x00007ff9620d0000 - 0x00007ff9620f5000 	C:\Program Files\AdoptOpenJDK\jdk-16.0.1.9-hotspot\bin\java.dll
0x00007ff982d70000 - 0x00007ff9834b4000 	C:\WINDOWS\System32\SHELL32.dll
0x00007ff97fe10000 - 0x00007ff9805a4000 	C:\WINDOWS\SYSTEM32\windows.storage.dll
0x00007ff9827e0000 - 0x00007ff982b34000 	C:\WINDOWS\System32\combase.dll
0x00007ff981780000 - 0x00007ff9817ac000 	C:\WINDOWS\SYSTEM32\Wldp.dll
0x00007ff984370000 - 0x00007ff98441d000 	C:\WINDOWS\System32\SHCORE.dll
0x00007ff982700000 - 0x00007ff982755000 	C:\WINDOWS\System32\shlwapi.dll
0x00007ff981c50000 - 0x00007ff981c6f000 	C:\WINDOWS\SYSTEM32\profapi.dll
0x00007ff95b9a0000 - 0x00007ff95b9b9000 	C:\Program Files\AdoptOpenJDK\jdk-16.0.1.9-hotspot\bin\net.dll
0x00007ff970d90000 - 0x00007ff970e9a000 	C:\WINDOWS\SYSTEM32\WINHTTP.dll
0x00007ff9814e0000 - 0x00007ff98154a000 	C:\WINDOWS\system32\mswsock.dll
0x00007ff95b980000 - 0x00007ff95b993000 	C:\Program Files\AdoptOpenJDK\jdk-16.0.1.9-hotspot\bin\nio.dll
0x00007ff954190000 - 0x00007ff9541a8000 	C:\Program Files\AdoptOpenJDK\jdk-16.0.1.9-hotspot\bin\zip.dll
0x00007ff97b570000 - 0x00007ff97b580000 	C:\Program Files\AdoptOpenJDK\jdk-16.0.1.9-hotspot\bin\verify.dll
0x00007ff97b1a0000 - 0x00007ff97b1a9000 	C:\Program Files\AdoptOpenJDK\jdk-16.0.1.9-hotspot\bin\management.dll
0x00007ff97b040000 - 0x00007ff97b04b000 	C:\Program Files\AdoptOpenJDK\jdk-16.0.1.9-hotspot\bin\management_ext.dll
0x00007ff96c570000 - 0x00007ff96c587000 	C:\WINDOWS\system32\napinsp.dll
0x00007ff96c550000 - 0x00007ff96c56b000 	C:\WINDOWS\system32\pnrpnsp.dll
0x00007ff97c590000 - 0x00007ff97c5a5000 	C:\WINDOWS\system32\wshbth.dll
0x00007ff97d2c0000 - 0x00007ff97d2dd000 	C:\WINDOWS\system32\NLAapi.dll
0x00007ff981180000 - 0x00007ff9811bb000 	C:\WINDOWS\SYSTEM32\IPHLPAPI.DLL
0x00007ff9811c0000 - 0x00007ff98128b000 	C:\WINDOWS\SYSTEM32\DNSAPI.dll
0x00007ff983ff0000 - 0x00007ff983ff8000 	C:\WINDOWS\System32\NSI.dll
0x00007ff959b60000 - 0x00007ff959b72000 	C:\WINDOWS\System32\winrnr.dll
0x00007ff979460000 - 0x00007ff97946a000 	C:\Windows\System32\rasadhlp.dll
0x00007ff96f740000 - 0x00007ff96f7bf000 	C:\WINDOWS\System32\fwpuclnt.dll
0x00007ff982080000 - 0x00007ff9820a7000 	C:\WINDOWS\System32\bcrypt.dll
0x00007ff9816d0000 - 0x00007ff9816e8000 	C:\WINDOWS\SYSTEM32\CRYPTSP.dll
0x00007ff980df0000 - 0x00007ff980e24000 	C:\WINDOWS\system32\rsaenh.dll
0x00007ff981c10000 - 0x00007ff981c3e000 	C:\WINDOWS\SYSTEM32\USERENV.dll
0x00007ff9816f0000 - 0x00007ff9816fc000 	C:\WINDOWS\SYSTEM32\CRYPTBASE.dll
0x00007ff977d60000 - 0x00007ff977d77000 	C:\WINDOWS\SYSTEM32\dhcpcsvc6.DLL
0x00007ff977c80000 - 0x00007ff977c9d000 	C:\WINDOWS\SYSTEM32\dhcpcsvc.DLL
0x00007ff969800000 - 0x00007ff96980e000 	C:\Program Files\AdoptOpenJDK\jdk-16.0.1.9-hotspot\bin\sunmscapi.dll
0x00007ff981f20000 - 0x00007ff982076000 	C:\WINDOWS\System32\CRYPT32.dll
0x00007ff9817f0000 - 0x00007ff981817000 	C:\WINDOWS\SYSTEM32\ncrypt.dll
0x00007ff9817b0000 - 0x00007ff9817eb000 	C:\WINDOWS\SYSTEM32\NTASN1.dll
0x00007ff965fe0000 - 0x00007ff965fe7000 	C:\WINDOWS\system32\wshunix.dll

dbghelp: loaded successfully - version: 4.0.5 - missing functions: none
symbol engine: initialized successfully - sym options: 0x614 - pdb path: .;C:\Program Files\AdoptOpenJDK\jdk-16.0.1.9-hotspot\bin;C:\WINDOWS\SYSTEM32;C:\WINDOWS\WinSxS\amd64_microsoft.windows.common-controls_6595b64144ccf1df_6.0.19041.1110_none_60b5254171f9507e;C:\Program Files\AdoptOpenJDK\jdk-16.0.1.9-hotspot\bin\server

VM Arguments:
jvm_args: -XX:+ShowCodeDetailsInExceptionMessages 
java_command: fit3077.lab02team14.assignment2.Assignment2Application
java_class_path (initial): D:\Documents\Monash Course\Year 3\Year 3 Sem 1\FIT3077\Assignments\Assignment 2\Source Code\git repo\assignment2\target\classes;C:\Users\User\.m2\repository\org\springframework\boot\spring-boot-starter-data-jpa\2.6.6\spring-boot-starter-data-jpa-2.6.6.jar;C:\Users\User\.m2\repository\org\springframework\boot\spring-boot-starter-aop\2.6.6\spring-boot-starter-aop-2.6.6.jar;C:\Users\User\.m2\repository\org\aspectj\aspectjweaver\1.9.7\aspectjweaver-1.9.7.jar;C:\Users\User\.m2\repository\org\springframework\boot\spring-boot-starter-jdbc\2.6.6\spring-boot-starter-jdbc-2.6.6.jar;C:\Users\User\.m2\repository\com\zaxxer\HikariCP\4.0.3\HikariCP-4.0.3.jar;C:\Users\User\.m2\repository\org\springframework\spring-jdbc\5.3.18\spring-jdbc-5.3.18.jar;C:\Users\User\.m2\repository\jakarta\transaction\jakarta.transaction-api\1.3.3\jakarta.transaction-api-1.3.3.jar;C:\Users\User\.m2\repository\jakarta\persistence\jakarta.persistence-api\2.2.3\jakarta.persistence-api-2.2.3.jar;C:\Users\User\.m2\repository\org\hibernate\hibernate-core\5.6.7.Final\hibernate-core-5.6.7.Final.jar;C:\Users\User\.m2\repository\org\jboss\logging\jboss-logging\3.4.3.Final\jboss-logging-3.4.3.Final.jar;C:\Users\User\.m2\repository\net\bytebuddy\byte-buddy\1.11.22\byte-buddy-1.11.22.jar;C:\Users\User\.m2\repository\antlr\antlr\2.7.7\antlr-2.7.7.jar;C:\Users\User\.m2\repository\org\jboss\jandex\2.4.2.Final\jandex-2.4.2.Final.jar;C:\Users\User\.m2\repository\com\fasterxml\classmate\1.5.1\classmate-1.5.1.jar;C:\Users\User\.m2\repository\org\hibernate\common\hibernate-commons-annotations\5.1.2.Final\hibernate-commons-annotations-5.1.2.Final.jar;C:\Users\User\.m2\repository\org\glassfish\jaxb\jaxb-runtime\2.3.6\jaxb-runtime-2.3.6.jar;C:\Users\User\.m2\repository\org\glassfish\jaxb\txw2\2.3.6\txw2-2.3.6.jar;C:\Users\User\.m2\repository\com\sun\istack\istack-commons-runtime\3.0.12\istack-commons-runtime-3.0.12.jar;C:\Users\User\.m2\repository\org\springframework\data\spring-data-jpa\2.6.3\spr
Launcher Type: SUN_STANDARD

[Global flags]
     intx CICompilerCount                          = 4                                         {product} {ergonomic}
     uint ConcGCThreads                            = 2                                         {product} {ergonomic}
     uint G1ConcRefinementThreads                  = 8                                         {product} {ergonomic}
   size_t G1HeapRegionSize                         = 1048576                                   {product} {ergonomic}
    uintx GCDrainStackTargetSize                   = 64                                        {product} {ergonomic}
   size_t InitialHeapSize                          = 134217728                                 {product} {ergonomic}
   size_t MarkStackSize                            = 4194304                                   {product} {ergonomic}
   size_t MaxHeapSize                              = 2118123520                                {product} {ergonomic}
   size_t MaxNewSize                               = 1270874112                                {product} {ergonomic}
   size_t MinHeapDeltaBytes                        = 1048576                                   {product} {ergonomic}
   size_t MinHeapSize                              = 8388608                                   {product} {ergonomic}
    uintx NonNMethodCodeHeapSize                   = 5839372                                {pd product} {ergonomic}
    uintx NonProfiledCodeHeapSize                  = 122909434                              {pd product} {ergonomic}
    uintx ProfiledCodeHeapSize                     = 122909434                              {pd product} {ergonomic}
    uintx ReservedCodeCacheSize                    = 251658240                              {pd product} {ergonomic}
     bool SegmentedCodeCache                       = true                                      {product} {ergonomic}
     bool ShowCodeDetailsInExceptionMessages       = true                                   {manageable} {command line}
   size_t SoftMaxHeapSize                          = 2118123520                             {manageable} {ergonomic}
     bool UseCompressedClassPointers               = true                           {product lp64_product} {ergonomic}
     bool UseCompressedOops                        = true                           {product lp64_product} {ergonomic}
     bool UseG1GC                                  = true                                      {product} {ergonomic}
     bool UseLargePagesIndividualAllocation        = false                                  {pd product} {ergonomic}

Logging:
Log output configuration:
 #0: stdout all=warning uptime,level,tags
 #1: stderr all=off uptime,level,tags

Environment Variables:
PATH=C:\Program Files\Common Files\Oracle\Java\javapath;C:\Program Files\AdoptOpenJDK\jdk-16.0.1.9-hotspot\bin;C:\Program Files (x86)\Common Files\Oracle\Java\javapath;C:\WINDOWS\system32;C:\WINDOWS;C:\WINDOWS\System32\Wbem;C:\WINDOWS\System32\WindowsPowerShell\v1.0\;C:\WINDOWS\System32\OpenSSH\;D:\git\Git\cmd;D:\nodejs\;C:\Users\User\AppData\Local\Programs\Python\Python39;C:\Users\User\AppData\Local\Programs\Python\Python39\Scripts;C:\Python310;C:\Python310\Scripts;C:\Users\User\AppData\Local\Programs\Python\Python310\Scripts\;C:\Users\User\AppData\Local\Programs\Python\Python310\;C:\Users\User\AppData\Local\Microsoft\WindowsApps;D:\vs code\Microsoft VS Code\bin;D:\Intellij Latest Download\IntelliJ IDEA Community Edition 2021.1.1\bin;;D:\PyCharm\PyCharm Community Edition 2021.1.1\bin;;D:\Flutter\flutter\bin;C:\MinGW\bin;C:\Users\User\AppData\Roaming\npm;D:\nodejs;D:\heroku\bin
USERNAME=User
LANG=en_US.UTF-8
OS=Windows_NT
PROCESSOR_IDENTIFIER=Intel64 Family 6 Model 142 Stepping 10, GenuineIntel



---------------  S Y S T E M  ---------------

OS:
 Windows 10 , 64 bit Build 19041 (10.0.19041.1645)
OS uptime: 1 days 22:51 hours

CPU: total 8 (initial active 8) (4 cores per cpu, 2 threads per core) family 6 model 142 stepping 10 microcode 0xb4, cx8, cmov, fxsr, ht, mmx, 3dnowpref, sse, sse2, sse3, ssse3, sse4.1, sse4.2, popcnt, lzcnt, tsc, tscinvbit, avx, avx2, aes, erms, clmul, bmi1, bmi2, adx, fma, vzeroupper, clflush, clflushopt

Memory: 4k page, system-wide physical 8078M (1127M free)
TotalPageFile size 23108M (AvailPageFile size 9012M)
current process WorkingSet (physical memory assigned to process): 240M, peak: 387M
current process commit charge ("private bytes"): 381M, peak: 552M

vm_info: OpenJDK 64-Bit Server VM (16.0.1+9) for windows-amd64 JRE (16.0.1+9), built on Apr 21 2021 12:30:27 by "" with MS VC++ 16.7 (VS2019)

END.
